<?xml version="1.0" encoding="UTF-8"?>
<testng-results skipped="0" failed="0" ignored="0" total="1" passed="1">
  <reporter-output>
  </reporter-output>
  <suite name="Default suite" duration-ms="22" started-at="2020-09-12T13:48:33Z" finished-at="2020-09-12T13:48:33Z">
    <groups>
    </groups>
    <test name="Default test" duration-ms="22" started-at="2020-09-12T13:48:33Z" finished-at="2020-09-12T13:48:33Z">
      <class name="com.cool.testers.selenium.AppTest">
        <test-method status="PASS" signature="shouldAnswerWithTrue()[pri:0, instance:com.cool.testers.selenium.AppTest@ec756bd]" name="shouldAnswerWithTrue" duration-ms="8" started-at="2020-09-12T08:48:33Z" finished-at="2020-09-12T08:48:33Z">
          <reporter-output>
          </reporter-output>
        </test-method> <!-- shouldAnswerWithTrue -->
      </class> <!-- com.cool.testers.selenium.AppTest -->
    </test> <!-- Default test -->
  </suite> <!-- Default suite -->
</testng-results>
